<!DOCTYPE html PUBLIC "-//W3C//DTD XHTML 1.1//EN" "https://www.w3.org/TR/xhtml11/DTD/xhtml11.dtd">
<html xmlns="https://www.w3.org/1999/xhtml">
<head>
<meta http-equiv="content-type" content="text/html; charset=UTF-8"/>
<title>TestNG Report</title>
<style type="text/css">table {margin-bottom:10px;border-collapse:collapse;empty-cells:show}th,td {border:1px solid #009;padding:.25em .5em}th {vertical-align:bottom}td {vertical-align:top}table a {font-weight:bold}.stripe td {background-color: #E6EBF9}.num {text-align:right}.passedodd td {background-color: #3F3}.passedeven td {background-color: #0A0}.skippedodd td {background-color: #DDD}.skippedeven td {background-color: #CCC}.failedodd td,.attn {background-color: #F33}.failedeven td,.stripe .attn {background-color: #D00}.stacktrace {white-space:pre;font-family:monospace}.totop {font-size:85%;text-align:center;border-bottom:2px solid #000}.invisible {display:none}</style>
</head>
<body>
<table>
<tr><th>Test</th><th># Passed</th><th># Skipped</th><th># Retried</th><th># Failed</th><th>Time (ms)</th><th>Included Groups</th><th>Excluded Groups</th></tr>
<tr><th colspan="8">Suite</th></tr>
<tr><td><a href="#t0">Test</a></td><td class="num">0</td><td class="num">0</td><td class="num">0</td><td class="num attn">25</td><td class="num">49,779</td><td></td><td></td></tr>
</table>
<table id='summary'><thead><tr><th>Class</th><th>Method</th><th>Start</th><th>Time (ms)</th></tr></thead><tbody><tr><th colspan="4">Suite</th></tr></tbody><tbody id="t0"><tr><th colspan="4">Test &#8212; failed</th></tr><tr class="failedeven"><td rowspan="6">Ollion.RestAssuredAssignment.badges_Recipients_GET</td><td><a href="#m0">testInvalidAuthorizationToken</a></td><td rowspan="1">1707324140405</td><td rowspan="1">1460</td></tr><tr class="failedeven"><td><a href="#m1">testInvalidDateFormat</a></td><td rowspan="1">1707324141870</td><td rowspan="1">1652</td></tr><tr class="failedeven"><td><a href="#m2">testInvalidPageNumber</a></td><td rowspan="1">1707324143527</td><td rowspan="1">1586</td></tr><tr class="failedeven"><td><a href="#m3">testInvalidPageSize</a></td><td rowspan="1">1707324145117</td><td rowspan="1">1833</td></tr><tr class="failedeven"><td><a href="#m4">testMissingRequiredParameters</a></td><td rowspan="1">1707324146956</td><td rowspan="1">1533</td></tr><tr class="failedeven"><td><a href="#m5">testValidRequest</a></td><td rowspan="1">1707324148494</td><td rowspan="1">1497</td></tr><tr class="failedodd"><td rowspan="10">Ollion.RestAssuredAssignment.badges_ids_GET</td><td><a href="#m6">testInvalidAuthorizationToken</a></td><td rowspan="1">1707324101597</td><td rowspan="1">6176</td></tr><tr class="failedodd"><td><a href="#m7">testInvalidDateFormat</a></td><td rowspan="1">1707324107802</td><td rowspan="1">1260</td></tr><tr class="failedodd"><td><a href="#m8">testInvalidID</a></td><td rowspan="1">1707324109071</td><td rowspan="1">5485</td></tr><tr class="failedodd"><td><a href="#m9">testInvalidMinParameter</a></td><td rowspan="1">1707324114578</td><td rowspan="1">2040</td></tr><tr class="failedodd"><td><a href="#m10">testInvalidOrderParameter</a></td><td rowspan="1">1707324116658</td><td rowspan="1">1692</td></tr><tr class="failedodd"><td><a href="#m11">testInvalidPageNumber</a></td><td rowspan="1">1707324118360</td><td rowspan="1">1587</td></tr><tr class="failedodd"><td><a href="#m12">testInvalidPageSize</a></td><td rowspan="1">1707324119954</td><td rowspan="1">1544</td></tr><tr class="failedodd"><td><a href="#m13">testInvalidSortParameter</a></td><td rowspan="1">1707324121508</td><td rowspan="1">1550</td></tr><tr class="failedodd"><td><a href="#m14">testMissingRequiredParameters</a></td><td rowspan="1">1707324123063</td><td rowspan="1">1536</td></tr><tr class="failedodd"><td><a href="#m15">testValidRequest</a></td><td rowspan="1">1707324124611</td><td rowspan="1">1509</td></tr><tr class="failedeven"><td rowspan="9">Ollion.RestAssuredAssignment.badges_tags_GET</td><td><a href="#m16">testInvalidAuthorizationToken</a></td><td rowspan="1">1707324126132</td><td rowspan="1">1479</td></tr><tr class="failedeven"><td><a href="#m17">testInvalidDateFormat</a></td><td rowspan="1">1707324127616</td><td rowspan="1">1497</td></tr><tr class="failedeven"><td><a href="#m18">testInvalidMinParameter</a></td><td rowspan="1">1707324129125</td><td rowspan="1">1512</td></tr><tr class="failedeven"><td><a href="#m19">testInvalidOrderParameter</a></td><td rowspan="1">1707324130641</td><td rowspan="1">1792</td></tr><tr class="failedeven"><td><a href="#m20">testInvalidPageNumber</a></td><td rowspan="1">1707324132438</td><td rowspan="1">1527</td></tr><tr class="failedeven"><td><a href="#m21">testInvalidPageSize</a></td><td rowspan="1">1707324133970</td><td rowspan="1">1809</td></tr><tr class="failedeven"><td><a href="#m22">testInvalidSortParameter</a></td><td rowspan="1">1707324135784</td><td rowspan="1">1627</td></tr><tr class="failedeven"><td><a href="#m23">testMissingRequiredParameters</a></td><td rowspan="1">1707324137416</td><td rowspan="1">1514</td></tr><tr class="failedeven"><td><a href="#m24">testValidRequest</a></td><td rowspan="1">1707324138934</td><td rowspan="1">1456</td></tr></tbody>
</table>
<h2>Test</h2><h3 id="m0">Ollion.RestAssuredAssignment.badges_Recipients_GET#testInvalidAuthorizationToken</h3><table class="result"><tr><th>Messages</th></tr><tr><td><div class="messages">Test Started: testInvalidAuthorizationToken<br/>
testInvalidAuthorizationToken Response: 
{
    "error_id": 502,
    "error_message": "too many requests from this IP, more requests available in 19570 seconds",
    "error_name": "throttle_violation"
}<br/>testInvalidAuthorizationToken Response status code: 
400<br/>Test Failed: testInvalidAuthorizationToken</div></td></tr><tr><th>Exception</th></tr><tr><td><div class="stacktrace">java.lang.AssertionError: expected [200] but found [400]
	at Ollion.RestAssuredAssignment.badges_Recipients_GET.testInvalidAuthorizationToken(badges_Recipients_GET.java:81)
	at java.base/java.util.ArrayList.forEach(ArrayList.java:1596)
... Removed 32 stack frames</div></td></tr></table><p class="totop"><a href="#summary">back to summary</a></p>
<h3 id="m1">Ollion.RestAssuredAssignment.badges_Recipients_GET#testInvalidDateFormat</h3><table class="result"><tr><th>Messages</th></tr><tr><td><div class="messages">Test Started: testInvalidDateFormat<br/>testInvalidDateFormat Response: {
    "error_id": 502,
    "error_message": "too many requests from this IP, more requests available in 19569 seconds",
    "error_name": "throttle_violation"
}<br/>testInvalidDateFormat Response status code: 400<br/>Test Failed: testInvalidDateFormat</div></td></tr><tr><th>Exception</th></tr><tr><td><div class="stacktrace">java.lang.AssertionError: expected [200] but found [400]
	at Ollion.RestAssuredAssignment.badges_Recipients_GET.testInvalidDateFormat(badges_Recipients_GET.java:164)
	at java.base/java.util.ArrayList.forEach(ArrayList.java:1596)
... Removed 32 stack frames</div></td></tr></table><p class="totop"><a href="#summary">back to summary</a></p>
<h3 id="m2">Ollion.RestAssuredAssignment.badges_Recipients_GET#testInvalidPageNumber</h3><table class="result"><tr><th>Messages</th></tr><tr><td><div class="messages">Test Started: testInvalidPageNumber<br/>testInvalidPageNumber Response: {
    "error_id": 502,
    "error_message": "too many requests from this IP, more requests available in 19567 seconds",
    "error_name": "throttle_violation"
}<br/>testInvalidPageNumber Response status code: 400<br/>testInvalidPageNumber Response status code check successful <br/>Test Failed: testInvalidPageNumber</div></td></tr><tr><th>Exception</th></tr><tr><td><div class="stacktrace">java.lang.AssertionError: expected [400] but found [502]
	at Ollion.RestAssuredAssignment.badges_Recipients_GET.testInvalidPageNumber(badges_Recipients_GET.java:111)
	at java.base/java.util.ArrayList.forEach(ArrayList.java:1596)
... Removed 32 stack frames</div></td></tr></table><p class="totop"><a href="#summary">back to summary</a></p>
<h3 id="m3">Ollion.RestAssuredAssignment.badges_Recipients_GET#testInvalidPageSize</h3><table class="result"><tr><th>Messages</th></tr><tr><td><div class="messages">Test Started: testInvalidPageSize<br/>testInvalidPageSize Response: {
    "error_id": 502,
    "error_message": "too many requests from this IP, more requests available in 19565 seconds",
    "error_name": "throttle_violation"
}<br/>testInvalidPageSize Response status code: 400<br/>Test Failed: testInvalidPageSize</div></td></tr><tr><th>Exception</th></tr><tr><td><div class="stacktrace">java.lang.AssertionError: expected [200] but found [400]
	at Ollion.RestAssuredAssignment.badges_Recipients_GET.testInvalidPageSize(badges_Recipients_GET.java:138)
	at java.base/java.util.ArrayList.forEach(ArrayList.java:1596)
... Removed 32 stack frames</div></td></tr></table><p class="totop"><a href="#summary">back to summary</a></p>
<h3 id="m4">Ollion.RestAssuredAssignment.badges_Recipients_GET#testMissingRequiredParameters</h3><table class="result"><tr><th>Messages</th></tr><tr><td><div class="messages">Test Started: testMissingRequiredParameters<br/>testMissingRequiredParameters Response: {
    "error_id": 502,
    "error_message": "too many requests from this IP, more requests available in 19564 seconds",
    "error_name": "throttle_violation"
}<br/>testMissingRequiredParameters Response status code: 400<br/>testMissingRequiredParameters Schema validation successful. <br/>testMissingRequiredParameters Response status code check successful <br/>Test Failed: testMissingRequiredParameters</div></td></tr><tr><th>Exception</th></tr><tr><td><div class="stacktrace">java.lang.AssertionError: expected [400] but found [502]
	at Ollion.RestAssuredAssignment.badges_Recipients_GET.testMissingRequiredParameters(badges_Recipients_GET.java:190)
	at java.base/java.util.ArrayList.forEach(ArrayList.java:1596)
... Removed 32 stack frames</div></td></tr></table><p class="totop"><a href="#summary">back to summary</a></p>
<h3 id="m5">Ollion.RestAssuredAssignment.badges_Recipients_GET#testValidRequest</h3><table class="result"><tr><th>Messages</th></tr><tr><td><div class="messages">Test Started: testValidRequest<br/>Test Failed: testValidRequest</div></td></tr><tr><th>Exception</th></tr><tr><td><div class="stacktrace">java.lang.IllegalArgumentException: Schema to use cannot be null
	at io.restassured.module.jsv.JsonSchemaValidator.validateSchemaIsNotNull(JsonSchemaValidator.java:270)
	at io.restassured.module.jsv.JsonSchemaValidator.access$300(JsonSchemaValidator.java:75)
	at io.restassured.module.jsv.JsonSchemaValidator$JsonSchemaValidatorFactory.create(JsonSchemaValidator.java:281)
	at io.restassured.module.jsv.JsonSchemaValidator.matchesJsonSchema(JsonSchemaValidator.java:166)
	at io.restassured.module.jsv.JsonSchemaValidator.matchesJsonSchemaInClasspath(JsonSchemaValidator.java:117)
	at Ollion.RestAssuredAssignment.badges_Recipients_GET.testValidRequest(badges_Recipients_GET.java:43)
	at java.base/java.util.ArrayList.forEach(ArrayList.java:1596)
... Removed 25 stack frames</div></td></tr></table><p class="totop"><a href="#summary">back to summary</a></p>
<h3 id="m6">Ollion.RestAssuredAssignment.badges_ids_GET#testInvalidAuthorizationToken</h3><table class="result"><tr><th>Messages</th></tr><tr><td><div class="messages">Test Started: testInvalidAuthorizationToken<br/>
testInvalidAuthorizationToken Response: 
{
    "error_id": 502,
    "error_message": "too many requests from this IP, more requests available in 19605 seconds",
    "error_name": "throttle_violation"
}<br/>testInvalidAuthorizationToken Response status code: 
400<br/>Test Failed: testInvalidAuthorizationToken</div></td></tr><tr><th>Exception</th></tr><tr><td><div class="stacktrace">java.lang.AssertionError: expected [200] but found [400]
	at Ollion.RestAssuredAssignment.badges_ids_GET.testInvalidAuthorizationToken(badges_ids_GET.java:87)
	at java.base/java.util.ArrayList.forEach(ArrayList.java:1596)
... Removed 32 stack frames</div></td></tr></table><p class="totop"><a href="#summary">back to summary</a></p>
<h3 id="m7">Ollion.RestAssuredAssignment.badges_ids_GET#testInvalidDateFormat</h3><table class="result"><tr><th>Messages</th></tr><tr><td><div class="messages">Test Started: testInvalidDateFormat<br/>testInvalidDateFormat Response: {
    "error_id": 502,
    "error_message": "too many requests from this IP, more requests available in 19603 seconds",
    "error_name": "throttle_violation"
}<br/>testInvalidDateFormat Response status code: 400<br/>Test Failed: testInvalidDateFormat</div></td></tr><tr><th>Exception</th></tr><tr><td><div class="stacktrace">java.lang.AssertionError: expected [200] but found [400]
	at Ollion.RestAssuredAssignment.badges_ids_GET.testInvalidDateFormat(badges_ids_GET.java:216)
	at java.base/java.util.ArrayList.forEach(ArrayList.java:1596)
... Removed 32 stack frames</div></td></tr></table><p class="totop"><a href="#summary">back to summary</a></p>
<h3 id="m8">Ollion.RestAssuredAssignment.badges_ids_GET#testInvalidID</h3><table class="result"><tr><th>Messages</th></tr><tr><td><div class="messages">Test Started: testInvalidID<br/>testInvalidID Response: {
    "error_id": 502,
    "error_message": "too many requests from this IP, more requests available in 19602 seconds",
    "error_name": "throttle_violation"
}<br/>testInvalidID Response status code: 400<br/>testInvalidID Response status code check successful <br/>Test Failed: testInvalidID</div></td></tr><tr><th>Exception</th></tr><tr><td><div class="stacktrace">java.lang.AssertionError: expected [404] but found [502]
	at Ollion.RestAssuredAssignment.badges_ids_GET.testInvalidID(badges_ids_GET.java:317)
	at java.base/java.util.ArrayList.forEach(ArrayList.java:1596)
... Removed 32 stack frames</div></td></tr></table><p class="totop"><a href="#summary">back to summary</a></p>
<h3 id="m9">Ollion.RestAssuredAssignment.badges_ids_GET#testInvalidMinParameter</h3><table class="result"><tr><th>Messages</th></tr><tr><td><div class="messages">Test Started: testInvalidMinParameter<br/>testInvalidMinParameter Response: {
    "error_id": 502,
    "error_message": "too many requests from this IP, more requests available in 19596 seconds",
    "error_name": "throttle_violation"
}<br/>testInvalidMinParameter Response status code: 400<br/>testInvalidMinParameter Response status code check successful <br/>Test Failed: testInvalidMinParameter</div></td></tr><tr><th>Exception</th></tr><tr><td><div class="stacktrace">java.lang.AssertionError: expected [400] but found [502]
	at Ollion.RestAssuredAssignment.badges_ids_GET.testInvalidMinParameter(badges_ids_GET.java:249)
	at java.base/java.util.ArrayList.forEach(ArrayList.java:1596)
... Removed 32 stack frames</div></td></tr></table><p class="totop"><a href="#summary">back to summary</a></p>
<h3 id="m10">Ollion.RestAssuredAssignment.badges_ids_GET#testInvalidOrderParameter</h3><table class="result"><tr><th>Messages</th></tr><tr><td><div class="messages">Test Started: testInvalidOrderParameter<br/>testInvalidOrderParameter Response: {
    "error_id": 502,
    "error_message": "too many requests from this IP, more requests available in 19594 seconds",
    "error_name": "throttle_violation"
}<br/>testInvalidOrderParameter Response status code: 400<br/>testInvalidOrderParameter Response status code check successful <br/>Test Failed: testInvalidOrderParameter</div></td></tr><tr><th>Exception</th></tr><tr><td><div class="stacktrace">java.lang.AssertionError: expected [400] but found [502]
	at Ollion.RestAssuredAssignment.badges_ids_GET.testInvalidOrderParameter(badges_ids_GET.java:186)
	at java.base/java.util.ArrayList.forEach(ArrayList.java:1596)
... Removed 32 stack frames</div></td></tr></table><p class="totop"><a href="#summary">back to summary</a></p>
<h3 id="m11">Ollion.RestAssuredAssignment.badges_ids_GET#testInvalidPageNumber</h3><table class="result"><tr><th>Messages</th></tr><tr><td><div class="messages">Test Started: testInvalidPageNumber<br/>testInvalidPageNumber Response: {
    "error_id": 502,
    "error_message": "too many requests from this IP, more requests available in 19592 seconds",
    "error_name": "throttle_violation"
}<br/>testInvalidPageNumber Response status code: 400<br/>testInvalidPageNumber Response status code check successful <br/>Test Failed: testInvalidPageNumber</div></td></tr><tr><th>Exception</th></tr><tr><td><div class="stacktrace">java.lang.AssertionError: expected [400] but found [502]
	at Ollion.RestAssuredAssignment.badges_ids_GET.testInvalidPageNumber(badges_ids_GET.java:123)
	at java.base/java.util.ArrayList.forEach(ArrayList.java:1596)
... Removed 32 stack frames</div></td></tr></table><p class="totop"><a href="#summary">back to summary</a></p>
<h3 id="m12">Ollion.RestAssuredAssignment.badges_ids_GET#testInvalidPageSize</h3><table class="result"><tr><th>Messages</th></tr><tr><td><div class="messages">Test Started: testInvalidPageSize<br/>testInvalidPageSize Response: {
    "error_id": 502,
    "error_message": "too many requests from this IP, more requests available in 19591 seconds",
    "error_name": "throttle_violation"
}<br/>testInvalidPageSize Response status code: 400<br/>Test Failed: testInvalidPageSize</div></td></tr><tr><th>Exception</th></tr><tr><td><div class="stacktrace">java.lang.AssertionError: expected [200] but found [400]
	at Ollion.RestAssuredAssignment.badges_ids_GET.testInvalidPageSize(badges_ids_GET.java:153)
	at java.base/java.util.ArrayList.forEach(ArrayList.java:1596)
... Removed 32 stack frames</div></td></tr></table><p class="totop"><a href="#summary">back to summary</a></p>
<h3 id="m13">Ollion.RestAssuredAssignment.badges_ids_GET#testInvalidSortParameter</h3><table class="result"><tr><th>Messages</th></tr><tr><td><div class="messages">Test Started: testInvalidSortParameter<br/>testInvalidSortParameter Response: {
    "error_id": 502,
    "error_message": "too many requests from this IP, more requests available in 19589 seconds",
    "error_name": "throttle_violation"
}<br/>testInvalidSortParameter Response status code: 400<br/>testInvalidSortParameter Response status code check successful <br/>Test Failed: testInvalidSortParameter</div></td></tr><tr><th>Exception</th></tr><tr><td><div class="stacktrace">java.lang.AssertionError: expected [400] but found [502]
	at Ollion.RestAssuredAssignment.badges_ids_GET.testInvalidSortParameter(badges_ids_GET.java:283)
	at java.base/java.util.ArrayList.forEach(ArrayList.java:1596)
... Removed 32 stack frames</div></td></tr></table><p class="totop"><a href="#summary">back to summary</a></p>
<h3 id="m14">Ollion.RestAssuredAssignment.badges_ids_GET#testMissingRequiredParameters</h3><table class="result"><tr><th>Messages</th></tr><tr><td><div class="messages">Test Started: testMissingRequiredParameters<br/>testMissingRequiredParameters Response: {
    "error_id": 502,
    "error_message": "too many requests from this IP, more requests available in 19588 seconds",
    "error_name": "throttle_violation"
}<br/>testMissingRequiredParameters Response status code: 400<br/>testMissingRequiredParameters Schema validation successful. <br/>testMissingRequiredParameters Response status code check successful <br/>Test Failed: testMissingRequiredParameters</div></td></tr><tr><th>Exception</th></tr><tr><td><div class="stacktrace">java.lang.AssertionError: expected [400] but found [502]
	at Ollion.RestAssuredAssignment.badges_ids_GET.testMissingRequiredParameters(badges_ids_GET.java:344)
	at java.base/java.util.ArrayList.forEach(ArrayList.java:1596)
... Removed 32 stack frames</div></td></tr></table><p class="totop"><a href="#summary">back to summary</a></p>
<h3 id="m15">Ollion.RestAssuredAssignment.badges_ids_GET#testValidRequest</h3><table class="result"><tr><th>Messages</th></tr><tr><td><div class="messages">Test Started: testValidRequest<br/>Test Failed: testValidRequest</div></td></tr><tr><th>Exception</th></tr><tr><td><div class="stacktrace">java.lang.IllegalArgumentException: Schema to use cannot be null
	at io.restassured.module.jsv.JsonSchemaValidator.validateSchemaIsNotNull(JsonSchemaValidator.java:270)
	at io.restassured.module.jsv.JsonSchemaValidator.access$300(JsonSchemaValidator.java:75)
	at io.restassured.module.jsv.JsonSchemaValidator$JsonSchemaValidatorFactory.create(JsonSchemaValidator.java:281)
	at io.restassured.module.jsv.JsonSchemaValidator.matchesJsonSchema(JsonSchemaValidator.java:166)
	at io.restassured.module.jsv.JsonSchemaValidator.matchesJsonSchemaInClasspath(JsonSchemaValidator.java:117)
	at Ollion.RestAssuredAssignment.badges_ids_GET.testValidRequest(badges_ids_GET.java:46)
	at java.base/java.util.ArrayList.forEach(ArrayList.java:1596)
... Removed 25 stack frames</div></td></tr></table><p class="totop"><a href="#summary">back to summary</a></p>
<h3 id="m16">Ollion.RestAssuredAssignment.badges_tags_GET#testInvalidAuthorizationToken</h3><table class="result"><tr><th>Messages</th></tr><tr><td><div class="messages">Test Started: testInvalidAuthorizationToken<br/>
testInvalidAuthorizationToken Response: 
{
    "error_id": 502,
    "error_message": "too many requests from this IP, more requests available in 19585 seconds",
    "error_name": "throttle_violation"
}<br/>testInvalidAuthorizationToken Response status code: 
400<br/>Test Failed: testInvalidAuthorizationToken</div></td></tr><tr><th>Exception</th></tr><tr><td><div class="stacktrace">java.lang.AssertionError: expected [200] but found [400]
	at Ollion.RestAssuredAssignment.badges_tags_GET.testInvalidAuthorizationToken(badges_tags_GET.java:92)
	at java.base/java.util.ArrayList.forEach(ArrayList.java:1596)
... Removed 32 stack frames</div></td></tr></table><p class="totop"><a href="#summary">back to summary</a></p>
<h3 id="m17">Ollion.RestAssuredAssignment.badges_tags_GET#testInvalidDateFormat</h3><table class="result"><tr><th>Messages</th></tr><tr><td><div class="messages">Test Started: testInvalidDateFormat<br/>testInvalidDateFormat Response: {
    "error_id": 502,
    "error_message": "too many requests from this IP, more requests available in 19583 seconds",
    "error_name": "throttle_violation"
}<br/>testInvalidDateFormat Response status code: 400<br/>Test Failed: testInvalidDateFormat</div></td></tr><tr><th>Exception</th></tr><tr><td><div class="stacktrace">java.lang.AssertionError: expected [200] but found [400]
	at Ollion.RestAssuredAssignment.badges_tags_GET.testInvalidDateFormat(badges_tags_GET.java:222)
	at java.base/java.util.ArrayList.forEach(ArrayList.java:1596)
... Removed 32 stack frames</div></td></tr></table><p class="totop"><a href="#summary">back to summary</a></p>
<h3 id="m18">Ollion.RestAssuredAssignment.badges_tags_GET#testInvalidMinParameter</h3><table class="result"><tr><th>Messages</th></tr><tr><td><div class="messages">Test Started: testInvalidMinParameter<br/>testInvalidMinParameter Response: {
    "error_id": 502,
    "error_message": "too many requests from this IP, more requests available in 19582 seconds",
    "error_name": "throttle_violation"
}<br/>testInvalidMinParameter Response status code: 400<br/>testInvalidMinParameter Response status code check successful <br/>Test Failed: testInvalidMinParameter</div></td></tr><tr><th>Exception</th></tr><tr><td><div class="stacktrace">java.lang.AssertionError: expected [400] but found [502]
	at Ollion.RestAssuredAssignment.badges_tags_GET.testInvalidMinParameter(badges_tags_GET.java:256)
	at java.base/java.util.ArrayList.forEach(ArrayList.java:1596)
... Removed 32 stack frames</div></td></tr></table><p class="totop"><a href="#summary">back to summary</a></p>
<h3 id="m19">Ollion.RestAssuredAssignment.badges_tags_GET#testInvalidOrderParameter</h3><table class="result"><tr><th>Messages</th></tr><tr><td><div class="messages">Test Started: testInvalidOrderParameter<br/>testInvalidOrderParameter Response: {
    "error_id": 502,
    "error_message": "too many requests from this IP, more requests available in 19580 seconds",
    "error_name": "throttle_violation"
}<br/>testInvalidOrderParameter Response status code: 400<br/>testInvalidOrderParameter Response status code check successful <br/>Test Failed: testInvalidOrderParameter</div></td></tr><tr><th>Exception</th></tr><tr><td><div class="stacktrace">java.lang.AssertionError: expected [400] but found [502]
	at Ollion.RestAssuredAssignment.badges_tags_GET.testInvalidOrderParameter(badges_tags_GET.java:191)
	at java.base/java.util.ArrayList.forEach(ArrayList.java:1596)
... Removed 32 stack frames</div></td></tr></table><p class="totop"><a href="#summary">back to summary</a></p>
<h3 id="m20">Ollion.RestAssuredAssignment.badges_tags_GET#testInvalidPageNumber</h3><table class="result"><tr><th>Messages</th></tr><tr><td><div class="messages">Test Started: testInvalidPageNumber<br/>testInvalidPageNumber Response: {
    "error_id": 502,
    "error_message": "too many requests from this IP, more requests available in 19578 seconds",
    "error_name": "throttle_violation"
}<br/>testInvalidPageNumber Response status code: 400<br/>testInvalidPageNumber Response status code check successful <br/>Test Failed: testInvalidPageNumber</div></td></tr><tr><th>Exception</th></tr><tr><td><div class="stacktrace">java.lang.AssertionError: expected [400] but found [502]
	at Ollion.RestAssuredAssignment.badges_tags_GET.testInvalidPageNumber(badges_tags_GET.java:126)
	at java.base/java.util.ArrayList.forEach(ArrayList.java:1596)
... Removed 32 stack frames</div></td></tr></table><p class="totop"><a href="#summary">back to summary</a></p>
<h3 id="m21">Ollion.RestAssuredAssignment.badges_tags_GET#testInvalidPageSize</h3><table class="result"><tr><th>Messages</th></tr><tr><td><div class="messages">Test Started: testInvalidPageSize<br/>testInvalidPageSize Response: {
    "error_id": 502,
    "error_message": "too many requests from this IP, more requests available in 19577 seconds",
    "error_name": "throttle_violation"
}<br/>testInvalidPageSize Response status code: 400<br/>Test Failed: testInvalidPageSize</div></td></tr><tr><th>Exception</th></tr><tr><td><div class="stacktrace">java.lang.AssertionError: expected [200] but found [400]
	at Ollion.RestAssuredAssignment.badges_tags_GET.testInvalidPageSize(badges_tags_GET.java:157)
	at java.base/java.util.ArrayList.forEach(ArrayList.java:1596)
... Removed 32 stack frames</div></td></tr></table><p class="totop"><a href="#summary">back to summary</a></p>
<h3 id="m22">Ollion.RestAssuredAssignment.badges_tags_GET#testInvalidSortParameter</h3><table class="result"><tr><th>Messages</th></tr><tr><td><div class="messages">Test Started: testInvalidSortParameter<br/>testInvalidSortParameter Response: {
    "error_id": 502,
    "error_message": "too many requests from this IP, more requests available in 19575 seconds",
    "error_name": "throttle_violation"
}<br/>testInvalidSortParameter Response status code: 400<br/>testInvalidSortParameter Response status code check successful <br/>Test Failed: testInvalidSortParameter</div></td></tr><tr><th>Exception</th></tr><tr><td><div class="stacktrace">java.lang.AssertionError: expected [400] but found [502]
	at Ollion.RestAssuredAssignment.badges_tags_GET.testInvalidSortParameter(badges_tags_GET.java:291)
	at java.base/java.util.ArrayList.forEach(ArrayList.java:1596)
... Removed 32 stack frames</div></td></tr></table><p class="totop"><a href="#summary">back to summary</a></p>
<h3 id="m23">Ollion.RestAssuredAssignment.badges_tags_GET#testMissingRequiredParameters</h3><table class="result"><tr><th>Messages</th></tr><tr><td><div class="messages">Test Started: testMissingRequiredParameters<br/>testMissingRequiredParameters Response: {
    "error_id": 502,
    "error_message": "too many requests from this IP, more requests available in 19573 seconds",
    "error_name": "throttle_violation"
}<br/>testMissingRequiredParameters Response status code: 400<br/>testMissingRequiredParameters Schema validation successful. <br/>testMissingRequiredParameters Response status code check successful <br/>Test Failed: testMissingRequiredParameters</div></td></tr><tr><th>Exception</th></tr><tr><td><div class="stacktrace">java.lang.AssertionError: expected [400] but found [502]
	at Ollion.RestAssuredAssignment.badges_tags_GET.testMissingRequiredParameters(badges_tags_GET.java:318)
	at java.base/java.util.ArrayList.forEach(ArrayList.java:1596)
... Removed 32 stack frames</div></td></tr></table><p class="totop"><a href="#summary">back to summary</a></p>
<h3 id="m24">Ollion.RestAssuredAssignment.badges_tags_GET#testValidRequest</h3><table class="result"><tr><th>Messages</th></tr><tr><td><div class="messages">Test Started: testValidRequest<br/>Test Failed: testValidRequest</div></td></tr><tr><th>Exception</th></tr><tr><td><div class="stacktrace">java.lang.IllegalArgumentException: Schema to use cannot be null
	at io.restassured.module.jsv.JsonSchemaValidator.validateSchemaIsNotNull(JsonSchemaValidator.java:270)
	at io.restassured.module.jsv.JsonSchemaValidator.access$300(JsonSchemaValidator.java:75)
	at io.restassured.module.jsv.JsonSchemaValidator$JsonSchemaValidatorFactory.create(JsonSchemaValidator.java:281)
	at io.restassured.module.jsv.JsonSchemaValidator.matchesJsonSchema(JsonSchemaValidator.java:166)
	at io.restassured.module.jsv.JsonSchemaValidator.matchesJsonSchemaInClasspath(JsonSchemaValidator.java:117)
	at Ollion.RestAssuredAssignment.badges_tags_GET.testValidRequest(badges_tags_GET.java:47)
	at java.base/java.util.ArrayList.forEach(ArrayList.java:1596)
... Removed 25 stack frames</div></td></tr></table><p class="totop"><a href="#summary">back to summary</a></p>
</body>
</html>
